\BOOKMARK [0][]{chapter*.1}{Contents}{}% 1
\BOOKMARK [0][]{chapter.1}{1 Introduction}{}% 2
\BOOKMARK [1][]{section.1.1}{1.1 Motivation}{chapter.1}% 3
\BOOKMARK [1][]{section.1.2}{1.2 Objectives}{chapter.1}% 4
\BOOKMARK [1][]{section.1.3}{1.3 Contributions}{chapter.1}% 5
\BOOKMARK [0][]{chapter.2}{2 Background}{}% 6
\BOOKMARK [1][]{section.2.1}{2.1 Poetry Theory}{chapter.2}% 7
\BOOKMARK [2][]{subsection.2.1.1}{2.1.1 The Purpose of Poetry}{section.2.1}% 8
\BOOKMARK [2][]{subsection.2.1.2}{2.1.2 Features of Poetry}{section.2.1}% 9
\BOOKMARK [3][]{subsubsection.2.1.2.1}{2.1.2.1 Rhyme}{subsection.2.1.2}% 10
\BOOKMARK [3][]{subsubsection.2.1.2.2}{2.1.2.2 Rhythm}{subsection.2.1.2}% 11
\BOOKMARK [3][]{subsubsection.2.1.2.3}{2.1.2.3 Sound Devices}{subsection.2.1.2}% 12
\BOOKMARK [3][]{subsubsection.2.1.2.4}{2.1.2.4 Structure}{subsection.2.1.2}% 13
\BOOKMARK [3][]{subsubsection.2.1.2.5}{2.1.2.5 Symbolism and Imagery}{subsection.2.1.2}% 14
\BOOKMARK [3][]{subsubsection.2.1.2.6}{2.1.2.6 Pragmatics and Personification}{subsection.2.1.2}% 15
\BOOKMARK [3][]{subsubsection.2.1.2.7}{2.1.2.7 Theme}{subsection.2.1.2}% 16
\BOOKMARK [2][]{subsection.2.1.3}{2.1.3 Classification of Poetry}{section.2.1}% 17
\BOOKMARK [3][]{subsubsection.2.1.3.1}{2.1.3.1 Categories}{subsection.2.1.3}% 18
\BOOKMARK [3][]{subsubsection.2.1.3.2}{2.1.3.2 Popular Types}{subsection.2.1.3}% 19
\BOOKMARK [1][]{section.2.2}{2.2 Lessons from Related Work}{chapter.2}% 20
\BOOKMARK [2][]{subsection.2.2.1}{2.2.1 Actively Gather Inspiration}{section.2.2}% 21
\BOOKMARK [2][]{subsection.2.2.2}{2.2.2 Constrain to Improve Creativity}{section.2.2}% 22
\BOOKMARK [2][]{subsection.2.2.3}{2.2.3 Learn from Experience}{section.2.2}% 23
\BOOKMARK [2][]{subsection.2.2.4}{2.2.4 Choose Words Carefully}{section.2.2}% 24
\BOOKMARK [2][]{subsection.2.2.5}{2.2.5 Derive Insight from Worldly Knowledge}{section.2.2}% 25
\BOOKMARK [2][]{subsection.2.2.6}{2.2.6 Dare to be Different}{section.2.2}% 26
\BOOKMARK [1][]{section.2.3}{2.3 Brief Overview of Computational Creativity}{chapter.2}% 27
\BOOKMARK [1][]{section.2.4}{2.4 Brief Overview of Computational Linguistics}{chapter.2}% 28
\BOOKMARK [2][]{subsection.2.4.1}{2.4.1 Words}{section.2.4}% 29
\BOOKMARK [2][]{subsection.2.4.2}{2.4.2 Syntax}{section.2.4}% 30
\BOOKMARK [2][]{subsection.2.4.3}{2.4.3 Semantics and Pragmatics}{section.2.4}% 31
\BOOKMARK [2][]{subsection.2.4.4}{2.4.4 Discourse Representation Theory}{section.2.4}% 32
\BOOKMARK [2][]{subsection.2.4.5}{2.4.5 Anaphora Resolution and Presupposition Projection}{section.2.4}% 33
\BOOKMARK [2][]{subsection.2.4.6}{2.4.6 Natural Language Generation}{section.2.4}% 34
\BOOKMARK [0][]{chapter.3}{3 Poem Analysis}{}% 35
\BOOKMARK [1][]{section.3.1}{3.1 Obtaining Phonetic Structure}{chapter.3}% 36
\BOOKMARK [1][]{section.3.2}{3.2 Rhyme}{chapter.3}% 37
\BOOKMARK [2][]{subsection.3.2.1}{3.2.1 Obtaining the Rhyme Phoneme Pattern}{section.3.2}% 38
\BOOKMARK [2][]{subsection.3.2.2}{3.2.2 Building and Normalising the Rhyme Scheme}{section.3.2}% 39
\BOOKMARK [1][]{section.3.3}{3.3 Rhythm}{chapter.3}% 40
\BOOKMARK [2][]{subsection.3.3.1}{3.3.1 Detecting Syllabic Rhythm}{section.3.3}% 41
\BOOKMARK [2][]{subsection.3.3.2}{3.3.2 Detecting Quantitative and Accentual Rhythm}{section.3.3}% 42
\BOOKMARK [1][]{section.3.4}{3.4 Sound Devices}{chapter.3}% 43
\BOOKMARK [1][]{section.3.5}{3.5 Form}{chapter.3}% 44
\BOOKMARK [2][]{subsection.3.5.1}{3.5.1 Structure and Repetition}{section.3.5}% 45
\BOOKMARK [2][]{subsection.3.5.2}{3.5.2 Point of View}{section.3.5}% 46
\BOOKMARK [2][]{subsection.3.5.3}{3.5.3 Tense}{section.3.5}% 47
\BOOKMARK [1][]{section.3.6}{3.6 Characters and Context}{chapter.3}% 48
\BOOKMARK [2][]{subsection.3.6.1}{3.6.1 ConceptNet Relations}{section.3.6}% 49
\BOOKMARK [2][]{subsection.3.6.2}{3.6.2 Semantic Labelling using Noah's ARK}{section.3.6}% 50
\BOOKMARK [3][]{subsubsection.3.6.2.1}{3.6.2.1 FrameNet Semantic Role Labelling using SEMAFOR}{subsection.3.6.2}% 51
\BOOKMARK [3][]{subsubsection.3.6.2.2}{3.6.2.2 Semantic Dependency Relations using TurboParser}{subsection.3.6.2}% 52
\BOOKMARK [2][]{subsection.3.6.3}{3.6.3 Extracting and Binding Relations to Characters}{section.3.6}% 53
\BOOKMARK [3][]{subsubsection.3.6.3.1}{3.6.3.1 Obtaining the Semantic Dependency Relations and Frame-Semantic Parse from Noah's ARK}{subsection.3.6.3}% 54
\BOOKMARK [3][]{subsubsection.3.6.3.2}{3.6.3.2 Collapsing Loose Leaves of the Semantic Dependency Relations}{subsection.3.6.3}% 55
\BOOKMARK [3][]{subsubsection.3.6.3.3}{3.6.3.3 Finding and Creating Characters}{subsection.3.6.3}% 56
\BOOKMARK [3][]{subsubsection.3.6.3.4}{3.6.3.4 Extracting Candidate Relations from the Frame-Semantic Parse}{subsection.3.6.3}% 57
\BOOKMARK [3][]{subsubsection.3.6.3.5}{3.6.3.5 Obtaining the Associated Dependency Relations for each Persona}{subsection.3.6.3}% 58
\BOOKMARK [3][]{subsubsection.3.6.3.6}{3.6.3.6 Binding ConceptNet Relations to Characters}{subsection.3.6.3}% 59
\BOOKMARK [2][]{subsection.3.6.4}{3.6.4 Anaphora Resolution}{section.3.6}% 60
\BOOKMARK [2][]{subsection.3.6.5}{3.6.5 Peeks at Future Development of Pragmatic Language Analysis}{section.3.6}% 61
\BOOKMARK [1][]{section.3.7}{3.7 Symbolism and Imagery}{chapter.3}% 62
\BOOKMARK [2][]{subsection.3.7.1}{3.7.1 Personification}{section.3.7}% 63
\BOOKMARK [2][]{subsection.3.7.2}{3.7.2 Onomatopoeia}{section.3.7}% 64
\BOOKMARK [2][]{subsection.3.7.3}{3.7.3 Simile}{section.3.7}% 65
\BOOKMARK [0][]{chapter.4}{4 Analysis Interpretation}{}% 66
\BOOKMARK [1][]{section.4.1}{4.1 Balancing Priorities and Trade-offs}{chapter.4}% 67
\BOOKMARK [2][]{subsection.4.1.1}{4.1.1 The Corpus}{section.4.1}% 68
\BOOKMARK [2][]{subsection.4.1.2}{4.1.2 Subcategories of Collections}{section.4.1}% 69
\BOOKMARK [2][]{subsection.4.1.3}{4.1.3 Novel and Creative Generation}{section.4.1}% 70
\BOOKMARK [1][]{section.4.2}{4.2 A Stochastic Approach}{chapter.4}% 71
\BOOKMARK [1][]{section.4.3}{4.3 Algorithms}{chapter.4}% 72
\BOOKMARK [2][]{subsection.4.3.1}{4.3.1 List Comprehension}{section.4.3}% 73
\BOOKMARK [2][]{subsection.4.3.2}{4.3.2 Line by Line}{section.4.3}% 74
\BOOKMARK [2][]{subsection.4.3.3}{4.3.3 Pick the Most Popular}{section.4.3}% 75
\BOOKMARK [2][]{subsection.4.3.4}{4.3.4 Filter Below Threshold}{section.4.3}% 76
\BOOKMARK [1][]{section.4.4}{4.4 Testing and Validation by Inspection}{chapter.4}% 77
\BOOKMARK [1][]{section.4.5}{4.5 Concurrency and Performance}{chapter.4}% 78
\BOOKMARK [0][]{chapter.5}{5 Poem Generation - Structure}{}% 79
\BOOKMARK [1][]{section.5.1}{5.1 Approach}{chapter.5}% 80
\BOOKMARK [1][]{section.5.2}{5.2 Phrase Building}{chapter.5}% 81
\BOOKMARK [1][]{section.5.3}{5.3 Overall Structure}{chapter.5}% 82
\BOOKMARK [2][]{subsection.5.3.1}{5.3.1 Phrase Types}{section.5.3}% 83
\BOOKMARK [2][]{subsection.5.3.2}{5.3.2 Generation Engine}{section.5.3}% 84
\BOOKMARK [3][]{subsubsection.5.3.2.1}{5.3.2.1 Persona Creation and Control}{subsection.5.3.2}% 85
\BOOKMARK [1][]{section.5.4}{5.4 Rephrase for Poetic Features}{chapter.5}% 86
\BOOKMARK [2][]{subsection.5.4.1}{5.4.1 Rhyme}{section.5.4}% 87
\BOOKMARK [2][]{subsection.5.4.2}{5.4.2 Rhythm}{section.5.4}% 88
\BOOKMARK [3][]{subsubsection.5.4.2.1}{5.4.2.1 Syllabic}{subsection.5.4.2}% 89
\BOOKMARK [4][]{paragraph.5.4.2.1.1}{5.4.2.1.1 Extending}{subsubsection.5.4.2.1}% 90
\BOOKMARK [4][]{paragraph.5.4.2.1.2}{5.4.2.1.2 Reducing}{subsubsection.5.4.2.1}% 91
\BOOKMARK [3][]{subsubsection.5.4.2.2}{5.4.2.2 Accentual}{subsection.5.4.2}% 92
\BOOKMARK [2][]{subsection.5.4.3}{5.4.3 Sound Patterns}{section.5.4}% 93
\BOOKMARK [0][]{chapter.6}{6 Poem Generation - Word Choice}{}% 94
\BOOKMARK [1][]{section.6.1}{6.1 Semantic Network of Common Sense}{chapter.6}% 95
\BOOKMARK [1][]{section.6.2}{6.2 Phrase Extension}{chapter.6}% 96
\BOOKMARK [1][]{section.6.3}{6.3 Creating a New Phrase}{chapter.6}% 97
\BOOKMARK [1][]{section.6.4}{6.4 Creating a New Poem}{chapter.6}% 98
\BOOKMARK [1][]{section.6.5}{6.5 Presupposition and Anaphora}{chapter.6}% 99
\BOOKMARK [1][]{section.6.6}{6.6 Semantic Types}{chapter.6}% 100
\BOOKMARK [0][]{chapter.7}{7 Evaluation Plan}{}% 101
\BOOKMARK [1][]{section.7.1}{7.1 Comparison of Analysis Results to Theory}{chapter.7}% 102
\BOOKMARK [1][]{section.7.2}{7.2 Turing-style Tests}{chapter.7}% 103
\BOOKMARK [1][]{section.7.3}{7.3 FACE Descriptive Model}{chapter.7}% 104
\BOOKMARK [1][]{section.7.4}{7.4 IDEA Descriptive Model}{chapter.7}% 105
\BOOKMARK [0][]{appendix*.44}{Appendix A}{}% 106
\BOOKMARK [1][]{section.Alph0.1}{A.1 Dry Run of Generation Phase with Commentary}{appendix*.44}% 107
\BOOKMARK [1][]{section.Alph0.2}{A.2 CMU Pronunciation Dictionary ARPABET Phoneme Set}{appendix*.44}% 108
\BOOKMARK [1][]{section.Alph0.3}{A.3 Penn Treebank Tagset}{appendix*.44}% 109
\BOOKMARK [1][]{section.Alph0.4}{A.4 Testing Specifications}{appendix*.44}% 110
\BOOKMARK [1][]{section.Alph0.5}{A.5 FrameNet Frames to ConceptNet Relations}{appendix*.44}% 111
\BOOKMARK [1][]{section.Alph0.6}{A.6 List of collapsable dependencies}{appendix*.44}% 112
\BOOKMARK [1][]{section.Alph0.7}{A.7 Onomatopoeia Types to ConceptNet Relations}{appendix*.44}% 113
